[logs/firefox INFO ] 2020-10-10 18:27:18.266 TestCase:111 - log path: logs/firefox
[logs/firefox INFO ] 2020-10-10 18:27:39.303 TestCase:178 - Create driver instance as Gecko driver !!!
[logs/firefox INFO ] 2020-10-10 18:27:44.463 TestCase:21 - 
****** starting test:loginTest******

[logs/firefox INFO ] 2020-10-10 18:27:46.139 ZohoHomePage:223 - Clicking on : Login link
[logs/firefox INFO ] 2020-10-10 18:27:46.396 ZohoLoginPage:231 - Typing in : Email entered the value as : bdia.sne@gmail.com
[logs/firefox INFO ] 2020-10-10 18:27:46.769 ZohoLoginPage:223 - Clicking on : Next Btn
[logs/firefox INFO ] 2020-10-10 18:27:48.856 ZohoLoginPage:231 - Typing in : PassWord entered the value as : gdhjqsgdhjq
[logs/firefox INFO ] 2020-10-10 18:27:51.801 TestCase:241 - Test completed succesfully !!!
[logs/firefox INFO ] 2020-10-10 20:06:32.996 TestCase:134 - log path: logs/firefox
[logs/firefox INFO ] 2020-10-10 20:06:42.345 TestCase:206 - Create driver instance as Gecko driver !!!
[logs/firefox INFO ] 2020-10-10 20:06:46.712 TestCase:21 - 
****** starting test:loginTest******

[logs/firefox INFO ] 2020-10-10 20:06:48.599 ZohoHomePage:251 - Clicking on : Login link
[logs/firefox INFO ] 2020-10-10 20:06:48.868 ZohoLoginPage:259 - Typing in : Email entered the value as : bdia.sne@gmail.com
[logs/firefox INFO ] 2020-10-10 20:06:49.208 ZohoLoginPage:251 - Clicking on : Next Btn
[logs/firefox INFO ] 2020-10-10 20:06:51.440 ZohoLoginPage:259 - Typing in : PassWord entered the value as : gdhjqsgdhjq
[logs/firefox INFO ] 2020-10-10 20:06:54.190 TestCase:269 - Test completed succesfully !!!
[logs/firefox INFO ] 2020-10-10 20:12:02.981 TestCase:134 - log path: logs/firefox
[logs/firefox INFO ] 2020-10-10 20:12:10.301 TestCase:206 - Create driver instance as Gecko driver !!!
[logs/firefox INFO ] 2020-10-10 20:12:14.262 TestCase:21 - 
****** starting test:loginTest******

[logs/firefox INFO ] 2020-10-10 20:12:15.977 ZohoHomePage:251 - Clicking on : Login link
[logs/firefox INFO ] 2020-10-10 20:12:16.240 ZohoLoginPage:259 - Typing in : Email entered the value as : bdia.sne@gmail.com
[logs/firefox INFO ] 2020-10-10 20:12:16.632 ZohoLoginPage:251 - Clicking on : Next Btn
[logs/firefox INFO ] 2020-10-10 20:12:18.708 ZohoLoginPage:259 - Typing in : PassWord entered the value as : gdhjqsgdhjq
[logs/firefox INFO ] 2020-10-10 20:12:21.472 TestCase:269 - Test completed succesfully !!!
[logs/firefox INFO ] 2020-10-10 20:31:35.302 TestCase:134 - log path: logs/firefox
[logs/firefox INFO ] 2020-10-10 20:31:44.404 TestCase:206 - Create driver instance as Gecko driver !!!
[logs/firefox INFO ] 2020-10-10 20:31:49.680 TestCase:21 - 
****** starting test:loginTest******

[logs/firefox INFO ] 2020-10-10 20:31:51.262 ZohoHomePage:251 - Clicking on : Login link
[logs/firefox INFO ] 2020-10-10 20:31:51.520 ZohoLoginPage:259 - Typing in : Email entered the value as : bdia.sne@gmail.com
[logs/firefox INFO ] 2020-10-10 20:31:51.884 ZohoLoginPage:251 - Clicking on : Next Btn
[logs/firefox INFO ] 2020-10-10 20:31:54.021 ZohoLoginPage:259 - Typing in : PassWord entered the value as : gdhjqsgdhjq
[logs/firefox INFO ] 2020-10-10 20:31:56.839 TestCase:269 - Test completed succesfully !!!
[logs/firefox INFO ] 2020-10-10 20:34:54.865 TestCase:134 - log path: logs/firefox
[logs/firefox INFO ] 2020-10-10 20:35:03.364 TestCase:206 - Create driver instance as Gecko driver !!!
[logs/firefox INFO ] 2020-10-10 20:35:07.717 TestCase:21 - 
****** starting test:loginTest******

[logs/firefox INFO ] 2020-10-10 20:35:09.577 ZohoHomePage:251 - Clicking on : Login link
[logs/firefox INFO ] 2020-10-10 20:35:09.803 ZohoLoginPage:259 - Typing in : Email entered the value as : bdia.sne@gmail.com
[logs/firefox INFO ] 2020-10-10 20:35:10.135 ZohoLoginPage:251 - Clicking on : Next Btn
[logs/firefox INFO ] 2020-10-10 20:35:12.237 ZohoLoginPage:259 - Typing in : PassWord entered the value as : gdhjqsgdhjq
[logs/firefox INFO ] 2020-10-10 20:35:15.348 TestCase:269 - Test completed succesfully !!!
[logs/firefox INFO ] 2020-10-10 20:37:29.547 TestCase:137 - log path: logs/firefox
[logs/firefox INFO ] 2020-10-10 20:37:37.891 TestCase:209 - Create driver instance as Gecko driver !!!
[logs/firefox INFO ] 2020-10-10 20:37:42.214 TestCase:21 - 
****** starting test:loginTest******

[logs/firefox INFO ] 2020-10-10 20:37:43.820 ZohoHomePage:254 - Clicking on : Login link
[logs/firefox INFO ] 2020-10-10 20:37:44.029 ZohoLoginPage:262 - Typing in : Email entered the value as : bdia.sne@gmail.com
[logs/firefox INFO ] 2020-10-10 20:37:44.343 ZohoLoginPage:254 - Clicking on : Next Btn
[logs/firefox INFO ] 2020-10-10 20:37:46.467 ZohoLoginPage:262 - Typing in : PassWord entered the value as : gdhjqsgdhjq
[logs/firefox INFO ] 2020-10-10 20:37:49.192 TestCase:272 - Test completed succesfully !!!
[logs/firefox INFO ] 2020-10-10 20:40:04.579 TestCase:133 - log path: logs/firefox
[logs/firefox INFO ] 2020-10-10 20:40:12.408 TestCase:205 - Create driver instance as Gecko driver !!!
[logs/firefox INFO ] 2020-10-10 20:40:16.771 TestCase:21 - 
****** starting test:loginTest******

[logs/firefox INFO ] 2020-10-10 20:40:18.494 ZohoHomePage:250 - Clicking on : Login link
[logs/firefox INFO ] 2020-10-10 20:40:18.739 ZohoLoginPage:258 - Typing in : Email entered the value as : bdia.sne@gmail.com
[logs/firefox INFO ] 2020-10-10 20:40:19.113 ZohoLoginPage:250 - Clicking on : Next Btn
[logs/firefox INFO ] 2020-10-10 20:40:21.200 ZohoLoginPage:258 - Typing in : PassWord entered the value as : gdhjqsgdhjq
[logs/firefox INFO ] 2020-10-10 20:40:23.889 TestCase:268 - Test completed succesfully !!!
[logs/firefox INFO ] 2020-10-10 20:44:32.299 TestCase:133 - log path: logs/firefox
[logs/firefox INFO ] 2020-10-10 20:44:39.635 TestCase:205 - Create driver instance as Gecko driver !!!
[logs/firefox INFO ] 2020-10-10 20:44:44.171 TestCase:22 - 
****** starting test:loginTest******

[logs/firefox INFO ] 2020-10-10 20:44:45.976 ZohoHomePage:250 - Clicking on : Login link
[logs/firefox INFO ] 2020-10-10 20:44:46.191 ZohoLoginPage:258 - Typing in : Email entered the value as : bdia.sne@gmail.com
[logs/firefox INFO ] 2020-10-10 20:44:46.494 ZohoLoginPage:250 - Clicking on : Next Btn
[logs/firefox INFO ] 2020-10-10 20:44:48.709 ZohoLoginPage:258 - Typing in : PassWord entered the value as : gdhjqsgdhjq
[logs/firefox INFO ] 2020-10-10 20:44:51.650 TestCase:268 - Test completed succesfully !!!
[logs/firefox INFO ] 2020-10-10 20:47:33.282 TestCase:133 - log path: logs/firefox
[logs/firefox INFO ] 2020-10-10 20:47:41.268 TestCase:205 - Create driver instance as Gecko driver !!!
[logs/firefox INFO ] 2020-10-10 20:47:45.310 TestCase:22 - 
****** starting test:loginTest******

[logs/firefox INFO ] 2020-10-10 20:47:46.872 ZohoHomePage:250 - Clicking on : Login link
[logs/firefox INFO ] 2020-10-10 20:47:47.097 ZohoLoginPage:258 - Typing in : Email entered the value as : bdia.sne@gmail.com
[logs/firefox INFO ] 2020-10-10 20:47:47.423 ZohoLoginPage:250 - Clicking on : Next Btn
[logs/firefox INFO ] 2020-10-10 20:47:49.593 ZohoLoginPage:258 - Typing in : PassWord entered the value as : gdhjqsgdhjq
[logs/firefox INFO ] 2020-10-10 20:47:52.534 TestCase:268 - Test completed succesfully !!!
[logs/firefox INFO ] 2020-10-10 20:49:42.239 TestCase:133 - log path: logs/firefox
[logs/firefox INFO ] 2020-10-10 20:49:50.460 TestCase:205 - Create driver instance as Gecko driver !!!
[logs/firefox INFO ] 2020-10-10 20:49:55.049 TestCase:22 - 
****** starting test:loginTest******

[logs/firefox INFO ] 2020-10-10 20:49:57.037 ZohoHomePage:250 - Clicking on : Login link
[logs/firefox INFO ] 2020-10-10 20:49:57.256 ZohoLoginPage:258 - Typing in : Email entered the value as : bdia.sne@gmail.com
[logs/firefox INFO ] 2020-10-10 20:49:57.620 ZohoLoginPage:250 - Clicking on : Next Btn
[logs/firefox INFO ] 2020-10-10 20:49:59.694 ZohoLoginPage:258 - Typing in : PassWord entered the value as : gdhjqsgdhjq
[logs/firefox INFO ] 2020-10-10 20:50:02.439 TestCase:268 - Test completed succesfully !!!
[logs/firefox INFO ] 2020-10-10 21:01:22.618 TestCase:133 - log path: logs/firefox
[logs/firefox INFO ] 2020-10-10 21:01:29.922 TestCase:205 - Create driver instance as Gecko driver !!!
[logs/firefox INFO ] 2020-10-10 21:01:34.180 TestCase:22 - 
****** starting test:loginTest******

[logs/firefox INFO ] 2020-10-10 21:01:35.862 ZohoHomePage:250 - Clicking on : Login link
[logs/firefox INFO ] 2020-10-10 21:01:36.106 ZohoLoginPage:258 - Typing in : Email entered the value as : bdia.sne@gmail.com
[logs/firefox INFO ] 2020-10-10 21:01:36.486 ZohoLoginPage:250 - Clicking on : Next Btn
[logs/firefox INFO ] 2020-10-10 21:01:38.554 ZohoLoginPage:258 - Typing in : PassWord entered the value as : gdhjqsgdhjq
[logs/firefox INFO ] 2020-10-10 21:01:41.998 TestCase:268 - Test completed succesfully !!!
[logs/firefox INFO ] 2020-10-10 21:01:41.999 TestCase2:133 - log path: logs/firefox
[logs/firefox INFO ] 2020-10-10 21:01:47.144 TestCase2:205 - Create driver instance as Gecko driver !!!
[logs/firefox INFO ] 2020-10-10 21:01:50.700 TestCase2:29 - 
****** starting test:loginTest2******

[logs/firefox INFO ] 2020-10-10 21:01:52.143 ZohoHomePage:250 - Clicking on : Login link
[logs/firefox INFO ] 2020-10-10 21:01:52.353 ZohoLoginPage:258 - Typing in : Email entered the value as : bdia.sne@gmail.com
[logs/firefox INFO ] 2020-10-10 21:01:52.683 ZohoLoginPage:250 - Clicking on : Next Btn
[logs/firefox INFO ] 2020-10-10 21:01:54.767 ZohoLoginPage:258 - Typing in : PassWord entered the value as : gdhjqsgdhjq
[logs/firefox INFO ] 2020-10-10 21:01:58.263 TestCase2:268 - Test completed succesfully !!!
